Using pre-set license
Built from '2021.3/staging' branch; Version is '2021.3.22f1 (b6c551784ba3) revision 11978065'; Using compiler version '192829333'; Build Type 'Release'
OS: 'Windows 11  (10.0.22621) 64bit Core' Language: 'en' Physical Memory: 15776 MB
BatchMode: 1, IsHumanControllingUs: 0, StartBugReporterOnCrash: 0, Is64bit: 1, IsPro: 1

COMMAND LINE ARGUMENTS:
C:\Program Files\Unity\Hub\Editor\2021.3.22f1\Editor\Unity.exe
-adb2
-batchMode
-noUpm
-name
AssetImportWorker4
-projectPath
C:/Users/rawkd/OneDrive/Documents/GitHub/PacmanCSE3541Lab6/PacmanGame
-logFile
Logs/AssetImportWorker4.log
-srvPort
59899
Successfully changed project path to: C:/Users/rawkd/OneDrive/Documents/GitHub/PacmanCSE3541Lab6/PacmanGame
C:/Users/rawkd/OneDrive/Documents/GitHub/PacmanCSE3541Lab6/PacmanGame
[UnityMemory] Configuration Parameters - Can be set up in boot.config
    "memorysetup-bucket-allocator-granularity=16"
    "memorysetup-bucket-allocator-bucket-count=8"
    "memorysetup-bucket-allocator-block-size=33554432"
    "memorysetup-bucket-allocator-block-count=8"
    "memorysetup-main-allocator-block-size=16777216"
    "memorysetup-thread-allocator-block-size=16777216"
    "memorysetup-gfx-main-allocator-block-size=16777216"
    "memorysetup-gfx-thread-allocator-block-size=16777216"
    "memorysetup-cache-allocator-block-size=4194304"
    "memorysetup-typetree-allocator-block-size=2097152"
    "memorysetup-profiler-bucket-allocator-granularity=16"
    "memorysetup-profiler-bucket-allocator-bucket-count=8"
    "memorysetup-profiler-bucket-allocator-block-size=33554432"
    "memorysetup-profiler-bucket-allocator-block-count=8"
    "memorysetup-profiler-allocator-block-size=16777216"
    "memorysetup-profiler-editor-allocator-block-size=1048576"
    "memorysetup-temp-allocator-size-main=16777216"
    "memorysetup-job-temp-allocator-block-size=2097152"
    "memorysetup-job-temp-allocator-block-size-background=1048576"
    "memorysetup-job-temp-allocator-reduction-small-platforms=262144"
    "memorysetup-temp-allocator-size-background-worker=32768"
    "memorysetup-temp-allocator-size-job-worker=262144"
    "memorysetup-temp-allocator-size-preload-manager=33554432"
    "memorysetup-temp-allocator-size-nav-mesh-worker=65536"
    "memorysetup-temp-allocator-size-audio-worker=65536"
    "memorysetup-temp-allocator-size-cloud-worker=32768"
    "memorysetup-temp-allocator-size-gi-baking-worker=262144"
    "memorysetup-temp-allocator-size-gfx=262144"
Player connection [7440] Host "[IP] 172.27.208.54 [Port] 0 [Flags] 2 [Guid] 907121471 [EditorId] 907121471 [Version] 1048832 [Id] WindowsEditor(7,LAPTOP-J1FR71LJ) [Debug] 1 [PackageName] WindowsEditor [ProjectName] Editor" joined multi-casting on [225.0.0.222:54997]...

Player connection [7440] Host "[IP] 172.27.208.54 [Port] 0 [Flags] 2 [Guid] 907121471 [EditorId] 907121471 [Version] 1048832 [Id] WindowsEditor(7,LAPTOP-J1FR71LJ) [Debug] 1 [PackageName] WindowsEditor [ProjectName] Editor" joined alternative multi-casting on [225.0.0.222:34997]...

Refreshing native plugins compatible for Editor in 66.08 ms, found 3 plugins.
Preloading 0 native plugins for Editor in 0.00 ms.
Initialize engine version: 2021.3.22f1 (b6c551784ba3)
[Subsystems] Discovering subsystems at path C:/Program Files/Unity/Hub/Editor/2021.3.22f1/Editor/Data/Resources/UnitySubsystems
[Subsystems] Discovering subsystems at path C:/Users/rawkd/OneDrive/Documents/GitHub/PacmanCSE3541Lab6/PacmanGame/Assets
GfxDevice: creating device client; threaded=0; jobified=0
Direct3D:
    Version:  Direct3D 11.0 [level 11.1]
    Renderer: NVIDIA GeForce RTX 3080 Laptop GPU (ID=0x249c)
    Vendor:   NVIDIA
    VRAM:     8042 MB
    Driver:   30.0.15.1278
Initialize mono
Mono path[0] = 'C:/Program Files/Unity/Hub/Editor/2021.3.22f1/Editor/Data/Managed'
Mono path[1] = 'C:/Program Files/Unity/Hub/Editor/2021.3.22f1/Editor/Data/MonoBleedingEdge/lib/mono/unityjit-win32'
Mono config path = 'C:/Program Files/Unity/Hub/Editor/2021.3.22f1/Editor/Data/MonoBleedingEdge/etc'
Using monoOptions --debugger-agent=transport=dt_socket,embedding=1,server=y,suspend=n,address=127.0.0.1:56480
Begin MonoManager ReloadAssembly
Registering precompiled unity dll's ...
Register platform support module: C:/Program Files/Unity/Hub/Editor/2021.3.22f1/Editor/Data/PlaybackEngines/WindowsStandaloneSupport/UnityEditor.WindowsStandalone.Extensions.dll
Registered in 0.004214 seconds.
Native extension for WindowsStandalone target not found
Refreshing native plugins compatible for Editor in 70.52 ms, found 3 plugins.
Preloading 0 native plugins for Editor in 0.00 ms.
Mono: successfully reloaded assembly
- Completed reload, in  0.557 seconds
Domain Reload Profiling:
	ReloadAssembly (558ms)
		BeginReloadAssembly (74ms)
			ExecutionOrderSort (0ms)
			DisableScriptedObjects (0ms)
			BackupInstance (0ms)
			ReleaseScriptingObjects (0ms)
			CreateAndSetChildDomain (1ms)
		EndReloadAssembly (404ms)
			LoadAssemblies (72ms)
			RebuildTransferFunctionScriptingTraits (0ms)
			SetupTypeCache (87ms)
			ReleaseScriptCaches (0ms)
			RebuildScriptCaches (19ms)
			SetupLoadedEditorAssemblies (259ms)
				LogAssemblyErrors (0ms)
				InitializePlatformSupportModulesInManaged (6ms)
				SetLoadedEditorAssemblies (0ms)
				RefreshPlugins (71ms)
				BeforeProcessingInitializeOnLoad (1ms)
				ProcessInitializeOnLoadAttributes (141ms)
				ProcessInitializeOnLoadMethodAttributes (39ms)
				AfterProcessingInitializeOnLoad (0ms)
				EditorAssembliesLoaded (0ms)
			ExecutionOrderSort2 (0ms)
			AwakeInstancesAfterBackupRestoration (0ms)
Platform modules already initialized, skipping
Registering precompiled user dll's ...
Registered in 0.004602 seconds.
Begin MonoManager ReloadAssembly
Symbol file LoadedFromMemory doesn't match image C:\Users\rawkd\OneDrive\Documents\GitHub\PacmanCSE3541Lab6\PacmanGame\Library\PackageCache\com.unity.visualscripting@1.8.0\Editor\VisualScripting.Core\Dependencies\YamlDotNet\Unity.VisualScripting.YamlDotNet.dll
Symbol file LoadedFromMemory doesn't match image C:\Users\rawkd\OneDrive\Documents\GitHub\PacmanCSE3541Lab6\PacmanGame\Library\PackageCache\com.unity.visualscripting@1.8.0\Editor\VisualScripting.Core\Dependencies\DotNetZip\Unity.VisualScripting.IonicZip.dll
Native extension for WindowsStandalone target not found
Refreshing native plugins compatible for Editor in 0.62 ms, found 3 plugins.
Preloading 0 native plugins for Editor in 0.00 ms.
Mono: successfully reloaded assembly
- Completed reload, in  0.801 seconds
Domain Reload Profiling:
	ReloadAssembly (802ms)
		BeginReloadAssembly (93ms)
			ExecutionOrderSort (0ms)
			DisableScriptedObjects (5ms)
			BackupInstance (0ms)
			ReleaseScriptingObjects (0ms)
			CreateAndSetChildDomain (16ms)
		EndReloadAssembly (629ms)
			LoadAssemblies (71ms)
			RebuildTransferFunctionScriptingTraits (0ms)
			SetupTypeCache (207ms)
			ReleaseScriptCaches (0ms)
			RebuildScriptCaches (41ms)
			SetupLoadedEditorAssemblies (283ms)
				LogAssemblyErrors (0ms)
				InitializePlatformSupportModulesInManaged (5ms)
				SetLoadedEditorAssemblies (0ms)
				RefreshPlugins (1ms)
				BeforeProcessingInitializeOnLoad (66ms)
				ProcessInitializeOnLoadAttributes (190ms)
				ProcessInitializeOnLoadMethodAttributes (16ms)
				AfterProcessingInitializeOnLoad (6ms)
				EditorAssembliesLoaded (0ms)
			ExecutionOrderSort2 (0ms)
			AwakeInstancesAfterBackupRestoration (4ms)
Platform modules already initialized, skipping
========================================================================
Worker process is ready to serve import requests
Launched and connected shader compiler UnityShaderCompiler.exe after 0.04 seconds
Refreshing native plugins compatible for Editor in 0.85 ms, found 3 plugins.
Preloading 0 native plugins for Editor in 0.00 ms.
Unloading 3047 Unused Serialized files (Serialized files now loaded: 0)
Unloading 24 unused Assets / (113.3 KB). Loaded Objects now: 3507.
Memory consumption went from 107.8 MB to 107.7 MB.
Total: 2.705600 ms (FindLiveObjects: 0.270400 ms CreateObjectMapping: 0.075400 ms MarkObjects: 2.276700 ms  DeleteObjects: 0.082200 ms)

AssetImportParameters requested are different than current active one (requested -> active):
  custom:video-decoder-ogg-theora: a1e56fd34408186e4bbccfd4996cb3dc -> 
  custom:container-muxer-webm: aa71ff27fc2769a1b78a27578f13a17b -> 
  custom:container-demuxer-webm: 4f35f7cbe854078d1ac9338744f61a02 -> 
  custom:video-encoder-webm-vp8: eb34c28f22e8b96e1ab97ce403110664 -> 
  custom:video-codec-MediaFoundation-h265: 746d11721c4dcdbdad8f713fa42b33f4 -> 
  custom:audio-encoder-webm-vorbis: bf7c407c2cedff20999df2af8eb42d56 -> 
  custom:framework-win-MediaFoundation: 216162199b28c13a410421893ffa2e32 -> 
  custom:container-demuxer-ogg: 62fdf1f143b41e24485cea50d1cbac27 -> 
  custom:video-decoder-webm-vp8: 9c59270c3fd7afecdb556c50c9e8de78 -> 
  custom:audio-decoder-ogg-vorbis: bf7c407c2cedff20999df2af8eb42d56 -> 
========================================================================
Received Import Request.
  Time since last request: 17217.008982 seconds.
  path: Assets/OctoMan/3D Models/Wall Pieces/Wall01.FBX
  artifactKey: Guid(c41b3c6efe51f8d49a10c67c7220a395) Importer(815301076,1909f56bfc062723c751e8b465ee728b)
Start importing Assets/OctoMan/3D Models/Wall Pieces/Wall01.FBX using Guid(c41b3c6efe51f8d49a10c67c7220a395) Importer(815301076,1909f56bfc062723c751e8b465ee728b)  -> (artifact id: 'e040f561f850bf7d6b31f31dd5229843') in 0.127637 seconds 
========================================================================
Received Import Request.
  Time since last request: 1.236800 seconds.
  path: Assets/OctoMan/3D Models/Wall Pieces/Materials
  artifactKey: Guid(78541b14c07a8484288fc1f966de4bc5) Importer(815301076,1909f56bfc062723c751e8b465ee728b)
Start importing Assets/OctoMan/3D Models/Wall Pieces/Materials using Guid(78541b14c07a8484288fc1f966de4bc5) Importer(815301076,1909f56bfc062723c751e8b465ee728b)  -> (artifact id: 'be00b116514591d447c031e4db10e6e5') in 0.005516 seconds 
========================================================================
Received Import Request.
  Time since last request: 18.568188 seconds.
  path: Assets/OctoMan/Prefabs
  artifactKey: Guid(10d26fbd4e88daa4da115389195ed8f3) Importer(815301076,1909f56bfc062723c751e8b465ee728b)
Start importing Assets/OctoMan/Prefabs using Guid(10d26fbd4e88daa4da115389195ed8f3) Importer(815301076,1909f56bfc062723c751e8b465ee728b)  -> (artifact id: '56b6e3ca21326123cdb248fa5d564f0d') in 0.005177 seconds 
========================================================================
Received Import Request.
  Time since last request: 0.224755 seconds.
  path: Assets/OctoMan/Prefabs/Sphere.prefab
  artifactKey: Guid(4371bfa8db8d0b0439cd959df49b3361) Importer(815301076,1909f56bfc062723c751e8b465ee728b)
Start importing Assets/OctoMan/Prefabs/Sphere.prefab using Guid(4371bfa8db8d0b0439cd959df49b3361) Importer(815301076,1909f56bfc062723c751e8b465ee728b)  -> (artifact id: 'ea13000b5468bce325d2115d5a750844') in 0.012581 seconds 
========================================================================
Received Import Request.
  Time since last request: 3.739848 seconds.
  path: Assets/OctoMan/Prefabs/Walls
  artifactKey: Guid(ceb304ab23685a242b1fb064d6eea30a) Importer(815301076,1909f56bfc062723c751e8b465ee728b)
Start importing Assets/OctoMan/Prefabs/Walls using Guid(ceb304ab23685a242b1fb064d6eea30a) Importer(815301076,1909f56bfc062723c751e8b465ee728b)  -> (artifact id: '73c8c0f31c1a00fc43a7de749a47cebe') in 0.005928 seconds 
========================================================================
Received Import Request.
  Time since last request: 0.049208 seconds.
  path: Assets/OctoMan/Prefabs/Walls/Home.prefab
  artifactKey: Guid(d9b892074ef162d4d921f0d827b69d76) Importer(815301076,1909f56bfc062723c751e8b465ee728b)
Start importing Assets/OctoMan/Prefabs/Walls/Home.prefab using Guid(d9b892074ef162d4d921f0d827b69d76) Importer(815301076,1909f56bfc062723c751e8b465ee728b)  -> (artifact id: '183fe58ebafe8618e1140efa83c51140') in 0.015367 seconds 
========================================================================
Received Import Request.
  Time since last request: 0.000018 seconds.
  path: Assets/OctoMan/Prefabs/Walls/T Piece 1.prefab
  artifactKey: Guid(2dcea80a90f545149aa9afee9a773d40) Importer(815301076,1909f56bfc062723c751e8b465ee728b)
Start importing Assets/OctoMan/Prefabs/Walls/T Piece 1.prefab using Guid(2dcea80a90f545149aa9afee9a773d40) Importer(815301076,1909f56bfc062723c751e8b465ee728b)  -> (artifact id: '6245d2aa59f2a57622b551e0ef13b3fa') in 0.014775 seconds 
========================================================================
Received Import Request.
  Time since last request: 0.000019 seconds.
  path: Assets/OctoMan/Prefabs/Walls/O Piece 2.prefab
  artifactKey: Guid(aa8a891306d31fd4dbd693042ceaba3e) Importer(815301076,1909f56bfc062723c751e8b465ee728b)
Start importing Assets/OctoMan/Prefabs/Walls/O Piece 2.prefab using Guid(aa8a891306d31fd4dbd693042ceaba3e) Importer(815301076,1909f56bfc062723c751e8b465ee728b)  -> (artifact id: '99af1a416c51700655a96f4d0d2998a0') in 0.012269 seconds 
========================================================================
Received Import Request.
  Time since last request: 85.205186 seconds.
  path: Assets/OctoMan/Prefabs/WallPieces
  artifactKey: Guid(b1be7e41d985f0c49accf135a548feba) Importer(815301076,1909f56bfc062723c751e8b465ee728b)
Start importing Assets/OctoMan/Prefabs/WallPieces using Guid(b1be7e41d985f0c49accf135a548feba) Importer(815301076,1909f56bfc062723c751e8b465ee728b)  -> (artifact id: '99b98c5666212c971952191aa0122139') in 0.006111 seconds 
========================================================================
Received Import Request.
  Time since last request: 0.059677 seconds.
  path: Assets/OctoMan/Prefabs/WallPieces/Wall01.prefab
  artifactKey: Guid(ffe34646268a676498730a38dd62032f) Importer(815301076,1909f56bfc062723c751e8b465ee728b)
Start importing Assets/OctoMan/Prefabs/WallPieces/Wall01.prefab using Guid(ffe34646268a676498730a38dd62032f) Importer(815301076,1909f56bfc062723c751e8b465ee728b)  -> (artifact id: 'fc4912e27d1ed130e8622caa01938b09') in 0.010592 seconds 
========================================================================
Received Import Request.
  Time since last request: 0.008157 seconds.
  path: Assets/OctoMan/Prefabs/WallPieces/Wall07.prefab
  artifactKey: Guid(52e95769d712955468fe1b4f9a5013ba) Importer(815301076,1909f56bfc062723c751e8b465ee728b)
Start importing Assets/OctoMan/Prefabs/WallPieces/Wall07.prefab using Guid(52e95769d712955468fe1b4f9a5013ba) Importer(815301076,1909f56bfc062723c751e8b465ee728b)  -> (artifact id: '47176c8292102e64bd821d8004a751fe') in 0.012046 seconds 
========================================================================
Received Import Request.
  Time since last request: 0.000017 seconds.
  path: Assets/OctoMan/Prefabs/WallPieces/Wall09.prefab
  artifactKey: Guid(17f8d71bc55018747a664c78b91fa60e) Importer(815301076,1909f56bfc062723c751e8b465ee728b)
Start importing Assets/OctoMan/Prefabs/WallPieces/Wall09.prefab using Guid(17f8d71bc55018747a664c78b91fa60e) Importer(815301076,1909f56bfc062723c751e8b465ee728b)  -> (artifact id: '51f63db886819a0753ec769a9cdc8029') in 0.012145 seconds 
========================================================================
Received Import Request.
  Time since last request: 0.000020 seconds.
  path: Assets/OctoMan/Prefabs/WallPieces/Wall03.prefab
  artifactKey: Guid(e84bae089341bb043af6a378ddbf5bc4) Importer(815301076,1909f56bfc062723c751e8b465ee728b)
Start importing Assets/OctoMan/Prefabs/WallPieces/Wall03.prefab using Guid(e84bae089341bb043af6a378ddbf5bc4) Importer(815301076,1909f56bfc062723c751e8b465ee728b)  -> (artifact id: '754af3a98a160388578110ba2d3c051d') in 0.010366 seconds 
========================================================================
Received Import Request.
  Time since last request: 0.000019 seconds.
  path: Assets/OctoMan/Prefabs/WallPieces/Wall08.prefab
  artifactKey: Guid(c7eb90ce76520bf40894bc2e09d75a7a) Importer(815301076,1909f56bfc062723c751e8b465ee728b)
Start importing Assets/OctoMan/Prefabs/WallPieces/Wall08.prefab using Guid(c7eb90ce76520bf40894bc2e09d75a7a) Importer(815301076,1909f56bfc062723c751e8b465ee728b)  -> (artifact id: '2ced09f303e25c54428f142a6ef4686d') in 0.011102 seconds 
========================================================================
Received Import Request.
  Time since last request: 41.265280 seconds.
  path: Assets/OctoMan/Prefabs/Characters
  artifactKey: Guid(85efdf44ac538964f95235735403ef46) Importer(815301076,1909f56bfc062723c751e8b465ee728b)
Start importing Assets/OctoMan/Prefabs/Characters using Guid(85efdf44ac538964f95235735403ef46) Importer(815301076,1909f56bfc062723c751e8b465ee728b)  -> (artifact id: '46b65b65b0ed6cb3065ce6ae218f9477') in 0.001914 seconds 
========================================================================
Received Import Request.
  Time since last request: 0.067832 seconds.
  path: Assets/OctoMan/Prefabs/Characters/Blinky.prefab
  artifactKey: Guid(0a1bd1f5dde48ee4481d304ea73242be) Importer(815301076,1909f56bfc062723c751e8b465ee728b)
Start importing Assets/OctoMan/Prefabs/Characters/Blinky.prefab using Guid(0a1bd1f5dde48ee4481d304ea73242be) Importer(815301076,1909f56bfc062723c751e8b465ee728b)  -> (artifact id: '9f8732585df2ed162bcceb52ecb5ad0c') in 0.016833 seconds 
========================================================================
Received Import Request.
  Time since last request: 0.000019 seconds.
  path: Assets/OctoMan/Prefabs/Characters/Pinky.prefab
  artifactKey: Guid(c553982e436766b47befe22605a33f38) Importer(815301076,1909f56bfc062723c751e8b465ee728b)
Start importing Assets/OctoMan/Prefabs/Characters/Pinky.prefab using Guid(c553982e436766b47befe22605a33f38) Importer(815301076,1909f56bfc062723c751e8b465ee728b)  -> (artifact id: 'ffb457588efd6b084e35ba8d6bb62e69') in 0.009382 seconds 
========================================================================
Received Import Request.
  Time since last request: 35.636439 seconds.
  path: Assets/OctoMan/Animations/AOC_Clyde.overrideController
  artifactKey: Guid(09d7655da3eade7489229558785a37af) Importer(815301076,1909f56bfc062723c751e8b465ee728b)
Start importing Assets/OctoMan/Animations/AOC_Clyde.overrideController using Guid(09d7655da3eade7489229558785a37af) Importer(815301076,1909f56bfc062723c751e8b465ee728b)  -> (artifact id: '036e7008818c5e833bcd325198d2e678') in 0.010292 seconds 
========================================================================
Received Prepare
Registering precompiled user dll's ...
Registered in 0.005578 seconds.
Begin MonoManager ReloadAssembly
Symbol file LoadedFromMemory doesn't match image C:\Users\rawkd\OneDrive\Documents\GitHub\PacmanCSE3541Lab6\PacmanGame\Library\PackageCache\com.unity.visualscripting@1.8.0\Editor\VisualScripting.Core\Dependencies\YamlDotNet\Unity.VisualScripting.YamlDotNet.dll
Symbol file LoadedFromMemory doesn't match image C:\Users\rawkd\OneDrive\Documents\GitHub\PacmanCSE3541Lab6\PacmanGame\Library\PackageCache\com.unity.visualscripting@1.8.0\Editor\VisualScripting.Core\Dependencies\DotNetZip\Unity.VisualScripting.IonicZip.dll
Native extension for WindowsStandalone target not found
Refreshing native plugins compatible for Editor in 0.57 ms, found 3 plugins.
Preloading 0 native plugins for Editor in 0.00 ms.
Mono: successfully reloaded assembly
- Completed reload, in  0.847 seconds
Domain Reload Profiling:
	ReloadAssembly (847ms)
		BeginReloadAssembly (127ms)
			ExecutionOrderSort (0ms)
			DisableScriptedObjects (4ms)
			BackupInstance (0ms)
			ReleaseScriptingObjects (0ms)
			CreateAndSetChildDomain (36ms)
		EndReloadAssembly (642ms)
			LoadAssemblies (77ms)
			RebuildTransferFunctionScriptingTraits (0ms)
			SetupTypeCache (239ms)
			ReleaseScriptCaches (1ms)
			RebuildScriptCaches (33ms)
			SetupLoadedEditorAssemblies (265ms)
				LogAssemblyErrors (0ms)
				InitializePlatformSupportModulesInManaged (4ms)
				SetLoadedEditorAssemblies (0ms)
				RefreshPlugins (1ms)
				BeforeProcessingInitializeOnLoad (56ms)
				ProcessInitializeOnLoadAttributes (181ms)
				ProcessInitializeOnLoadMethodAttributes (16ms)
				AfterProcessingInitializeOnLoad (7ms)
				EditorAssembliesLoaded (0ms)
			ExecutionOrderSort2 (0ms)
			AwakeInstancesAfterBackupRestoration (6ms)
Platform modules already initialized, skipping
Refreshing native plugins compatible for Editor in 2.47 ms, found 3 plugins.
Preloading 0 native plugins for Editor in 0.00 ms.
Unloading 3042 Unused Serialized files (Serialized files now loaded: 0)
Unloading 17 unused Assets / (79.8 KB). Loaded Objects now: 3522.
Memory consumption went from 112.4 MB to 112.3 MB.
Total: 2.594700 ms (FindLiveObjects: 0.202100 ms CreateObjectMapping: 0.132400 ms MarkObjects: 2.176000 ms  DeleteObjects: 0.083400 ms)

AssetImportParameters requested are different than current active one (requested -> active):
  custom:video-decoder-ogg-theora: a1e56fd34408186e4bbccfd4996cb3dc -> 
  custom:container-muxer-webm: aa71ff27fc2769a1b78a27578f13a17b -> 
  custom:container-demuxer-webm: 4f35f7cbe854078d1ac9338744f61a02 -> 
  custom:video-encoder-webm-vp8: eb34c28f22e8b96e1ab97ce403110664 -> 
  custom:video-codec-MediaFoundation-h265: 746d11721c4dcdbdad8f713fa42b33f4 -> 
  custom:audio-encoder-webm-vorbis: bf7c407c2cedff20999df2af8eb42d56 -> 
  custom:framework-win-MediaFoundation: 216162199b28c13a410421893ffa2e32 -> 
  custom:container-demuxer-ogg: 62fdf1f143b41e24485cea50d1cbac27 -> 
  custom:video-decoder-webm-vp8: 9c59270c3fd7afecdb556c50c9e8de78 -> 
  custom:audio-decoder-ogg-vorbis: bf7c407c2cedff20999df2af8eb42d56 -> 
========================================================================
Received Prepare
Registering precompiled user dll's ...
Registered in 0.005554 seconds.
Begin MonoManager ReloadAssembly
Symbol file LoadedFromMemory doesn't match image C:\Users\rawkd\OneDrive\Documents\GitHub\PacmanCSE3541Lab6\PacmanGame\Library\PackageCache\com.unity.visualscripting@1.8.0\Editor\VisualScripting.Core\Dependencies\YamlDotNet\Unity.VisualScripting.YamlDotNet.dll
Symbol file LoadedFromMemory doesn't match image C:\Users\rawkd\OneDrive\Documents\GitHub\PacmanCSE3541Lab6\PacmanGame\Library\PackageCache\com.unity.visualscripting@1.8.0\Editor\VisualScripting.Core\Dependencies\DotNetZip\Unity.VisualScripting.IonicZip.dll
Native extension for WindowsStandalone target not found
Refreshing native plugins compatible for Editor in 0.75 ms, found 3 plugins.
Preloading 0 native plugins for Editor in 0.00 ms.
Mono: successfully reloaded assembly
- Completed reload, in  0.839 seconds
Domain Reload Profiling:
	ReloadAssembly (840ms)
		BeginReloadAssembly (141ms)
			ExecutionOrderSort (0ms)
			DisableScriptedObjects (4ms)
			BackupInstance (0ms)
			ReleaseScriptingObjects (0ms)
			CreateAndSetChildDomain (42ms)
		EndReloadAssembly (623ms)
			LoadAssemblies (86ms)
			RebuildTransferFunctionScriptingTraits (0ms)
			SetupTypeCache (227ms)
			ReleaseScriptCaches (1ms)
			RebuildScriptCaches (34ms)
			SetupLoadedEditorAssemblies (254ms)
				LogAssemblyErrors (0ms)
				InitializePlatformSupportModulesInManaged (4ms)
				SetLoadedEditorAssemblies (0ms)
				RefreshPlugins (1ms)
				BeforeProcessingInitializeOnLoad (51ms)
				ProcessInitializeOnLoadAttributes (171ms)
				ProcessInitializeOnLoadMethodAttributes (16ms)
				AfterProcessingInitializeOnLoad (11ms)
				EditorAssembliesLoaded (0ms)
			ExecutionOrderSort2 (0ms)
			AwakeInstancesAfterBackupRestoration (5ms)
Platform modules already initialized, skipping
Refreshing native plugins compatible for Editor in 1.98 ms, found 3 plugins.
Preloading 0 native plugins for Editor in 0.00 ms.
Unloading 3042 Unused Serialized files (Serialized files now loaded: 0)
Unloading 17 unused Assets / (79.9 KB). Loaded Objects now: 3525.
Memory consumption went from 112.4 MB to 112.3 MB.
Total: 2.863400 ms (FindLiveObjects: 0.216200 ms CreateObjectMapping: 0.138800 ms MarkObjects: 2.418800 ms  DeleteObjects: 0.088500 ms)

AssetImportParameters requested are different than current active one (requested -> active):
  custom:video-decoder-ogg-theora: a1e56fd34408186e4bbccfd4996cb3dc -> 
  custom:container-muxer-webm: aa71ff27fc2769a1b78a27578f13a17b -> 
  custom:container-demuxer-webm: 4f35f7cbe854078d1ac9338744f61a02 -> 
  custom:video-encoder-webm-vp8: eb34c28f22e8b96e1ab97ce403110664 -> 
  custom:video-codec-MediaFoundation-h265: 746d11721c4dcdbdad8f713fa42b33f4 -> 
  custom:audio-encoder-webm-vorbis: bf7c407c2cedff20999df2af8eb42d56 -> 
  custom:framework-win-MediaFoundation: 216162199b28c13a410421893ffa2e32 -> 
  custom:container-demuxer-ogg: 62fdf1f143b41e24485cea50d1cbac27 -> 
  custom:video-decoder-webm-vp8: 9c59270c3fd7afecdb556c50c9e8de78 -> 
  custom:audio-decoder-ogg-vorbis: bf7c407c2cedff20999df2af8eb42d56 -> 
Editor requested this worker to shutdown with reason: Scaling down because of idle timeout
AssetImportWorker is now disconnected from the server
Process exiting
Exiting without the bug reporter. Application will terminate with return code 0