Unity Editor version:    2021.3.22f1 (b6c551784ba3)
Branch:                  2021.3/staging
Build type:              Release
Batch mode:              YES
macOS version:           Version 11.6.7 (Build 20G630)
Darwin version:          20.6.0
Architecture:            x86_64
Running under Rosetta:   NO
Available memory:        8192 MB
Using pre-set license
Pro License: YES

COMMAND LINE ARGUMENTS:
/Applications/Unity/Hub/Editor/2021.3.22f1/Unity.app/Contents/MacOS/Unity
-adb2
-batchMode
-noUpm
-name
AssetImportWorker2
-projectPath
/Users/60ots/GitHub/PacmanCSE3541Lab6/PacmanGame
-logFile
Logs/AssetImportWorker2.log
-srvPort
52678
Successfully changed project path to: /Users/60ots/GitHub/PacmanCSE3541Lab6/PacmanGame
/Users/60ots/GitHub/PacmanCSE3541Lab6/PacmanGame
[UnityMemory] Configuration Parameters - Can be set up in boot.config
    "memorysetup-bucket-allocator-granularity=16"
    "memorysetup-bucket-allocator-bucket-count=8"
    "memorysetup-bucket-allocator-block-size=33554432"
    "memorysetup-bucket-allocator-block-count=8"
    "memorysetup-main-allocator-block-size=16777216"
    "memorysetup-thread-allocator-block-size=16777216"
    "memorysetup-gfx-main-allocator-block-size=16777216"
    "memorysetup-gfx-thread-allocator-block-size=16777216"
    "memorysetup-cache-allocator-block-size=4194304"
    "memorysetup-typetree-allocator-block-size=2097152"
    "memorysetup-profiler-bucket-allocator-granularity=16"
    "memorysetup-profiler-bucket-allocator-bucket-count=8"
    "memorysetup-profiler-bucket-allocator-block-size=33554432"
    "memorysetup-profiler-bucket-allocator-block-count=8"
    "memorysetup-profiler-allocator-block-size=16777216"
    "memorysetup-profiler-editor-allocator-block-size=1048576"
    "memorysetup-temp-allocator-size-main=16777216"
    "memorysetup-job-temp-allocator-block-size=2097152"
    "memorysetup-job-temp-allocator-block-size-background=1048576"
    "memorysetup-job-temp-allocator-reduction-small-platforms=262144"
    "memorysetup-temp-allocator-size-background-worker=32768"
    "memorysetup-temp-allocator-size-job-worker=262144"
    "memorysetup-temp-allocator-size-preload-manager=33554432"
    "memorysetup-temp-allocator-size-nav-mesh-worker=65536"
    "memorysetup-temp-allocator-size-audio-worker=65536"
    "memorysetup-temp-allocator-size-cloud-worker=32768"
    "memorysetup-temp-allocator-size-gi-baking-worker=262144"
    "memorysetup-temp-allocator-size-gfx=262144"
Player connection [4827323904] Host "[IP] 172.16.0.183 [Port] 0 [Flags] 2 [Guid] 3964836886 [EditorId] 3964836886 [Version] 1048832 [Id] OSXEditor(0,60s-MacBook-Pro.local) [Debug] 1 [PackageName] OSXEditor [ProjectName] Editor" joined multi-casting on [225.0.0.222:54997]...

Player connection [4827323904] Host "[IP] 172.16.0.183 [Port] 0 [Flags] 2 [Guid] 3964836886 [EditorId] 3964836886 [Version] 1048832 [Id] OSXEditor(0,60s-MacBook-Pro.local) [Debug] 1 [PackageName] OSXEditor [ProjectName] Editor" joined alternative multi-casting on [225.0.0.222:34997]...

Refreshing native plugins compatible for Editor in 97.62 ms, found 2 plugins.
Preloading 0 native plugins for Editor in 0.00 ms.
Initialize engine version: 2021.3.22f1 (b6c551784ba3)
[Subsystems] Discovering subsystems at path /Applications/Unity/Hub/Editor/2021.3.22f1/Unity.app/Contents/Resources/UnitySubsystems
[Subsystems] Discovering subsystems at path /Users/60ots/GitHub/PacmanCSE3541Lab6/PacmanGame/Assets
GfxDevice: creating device client; threaded=0; jobified=0
HP 24yh preferred device: Intel(R) Iris(TM) Plus Graphics 655 (low power)
Metal devices available: 1
0: Intel(R) Iris(TM) Plus Graphics 655 (low power)
Using device Intel(R) Iris(TM) Plus Graphics 655 (low power)
Initializing Metal device caps: Intel(R) Iris(TM) Plus Graphics 655
Initialize mono
Mono path[0] = '/Applications/Unity/Hub/Editor/2021.3.22f1/Unity.app/Contents/Managed'
Mono path[1] = '/Applications/Unity/Hub/Editor/2021.3.22f1/Unity.app/Contents/MonoBleedingEdge/lib/mono/unityjit-macos'
Mono config path = '/Applications/Unity/Hub/Editor/2021.3.22f1/Unity.app/Contents/MonoBleedingEdge/etc'
Using monoOptions --debugger-agent=transport=dt_socket,embedding=1,server=y,suspend=n,address=127.0.0.1:56903
Begin MonoManager ReloadAssembly
Registering precompiled unity dll's ...
Register platform support module: /Applications/Unity/Hub/Editor/2021.3.22f1/PlaybackEngines/WebGLSupport/UnityEditor.WebGL.Extensions.dll
Register platform support module: /Applications/Unity/Hub/Editor/2021.3.22f1/Unity.app/Contents/PlaybackEngines/MacStandaloneSupport/UnityEditor.OSXStandalone.Extensions.dll
Registered in 0.002475 seconds.
Native extension for OSXStandalone target not found
Native extension for WebGL target not found
Refreshing native plugins compatible for Editor in 100.32 ms, found 2 plugins.
Preloading 0 native plugins for Editor in 0.00 ms.
Mono: successfully reloaded assembly
- Completed reload, in  0.988 seconds
Domain Reload Profiling:
	ReloadAssembly (989ms)
		BeginReloadAssembly (100ms)
			ExecutionOrderSort (0ms)
			DisableScriptedObjects (0ms)
			BackupInstance (0ms)
			ReleaseScriptingObjects (0ms)
			CreateAndSetChildDomain (1ms)
		EndReloadAssembly (720ms)
			LoadAssemblies (99ms)
			RebuildTransferFunctionScriptingTraits (0ms)
			SetupTypeCache (185ms)
			ReleaseScriptCaches (0ms)
			RebuildScriptCaches (47ms)
			SetupLoadedEditorAssemblies (417ms)
				LogAssemblyErrors (0ms)
				InitializePlatformSupportModulesInManaged (10ms)
				SetLoadedEditorAssemblies (0ms)
				RefreshPlugins (100ms)
				BeforeProcessingInitializeOnLoad (2ms)
				ProcessInitializeOnLoadAttributes (234ms)
				ProcessInitializeOnLoadMethodAttributes (70ms)
				AfterProcessingInitializeOnLoad (0ms)
				EditorAssembliesLoaded (0ms)
			ExecutionOrderSort2 (0ms)
			AwakeInstancesAfterBackupRestoration (0ms)
Platform modules already initialized, skipping
Registering precompiled user dll's ...
Registered in 0.002900 seconds.
Begin MonoManager ReloadAssembly
Symbol file LoadedFromMemory doesn't match image /Users/60ots/GitHub/PacmanCSE3541Lab6/PacmanGame/Library/PackageCache/com.unity.visualscripting@1.8.0/Editor/VisualScripting.Core/Dependencies/YamlDotNet/Unity.VisualScripting.YamlDotNet.dll
Symbol file LoadedFromMemory doesn't match image /Users/60ots/GitHub/PacmanCSE3541Lab6/PacmanGame/Library/PackageCache/com.unity.visualscripting@1.8.0/Editor/VisualScripting.Core/Dependencies/DotNetZip/Unity.VisualScripting.IonicZip.dll
Native extension for OSXStandalone target not found
Native extension for WebGL target not found
Refreshing native plugins compatible for Editor in 97.85 ms, found 2 plugins.
Preloading 0 native plugins for Editor in 0.00 ms.
Mono: successfully reloaded assembly
- Completed reload, in  1.774 seconds
Domain Reload Profiling:
	ReloadAssembly (1775ms)
		BeginReloadAssembly (186ms)
			ExecutionOrderSort (0ms)
			DisableScriptedObjects (9ms)
			BackupInstance (0ms)
			ReleaseScriptingObjects (0ms)
			CreateAndSetChildDomain (44ms)
		EndReloadAssembly (1424ms)
			LoadAssemblies (112ms)
			RebuildTransferFunctionScriptingTraits (0ms)
			SetupTypeCache (509ms)
			ReleaseScriptCaches (1ms)
			RebuildScriptCaches (85ms)
			SetupLoadedEditorAssemblies (659ms)
				LogAssemblyErrors (0ms)
				InitializePlatformSupportModulesInManaged (5ms)
				SetLoadedEditorAssemblies (0ms)
				RefreshPlugins (98ms)
				BeforeProcessingInitializeOnLoad (96ms)
				ProcessInitializeOnLoadAttributes (435ms)
				ProcessInitializeOnLoadMethodAttributes (22ms)
				AfterProcessingInitializeOnLoad (2ms)
				EditorAssembliesLoaded (0ms)
			ExecutionOrderSort2 (0ms)
			AwakeInstancesAfterBackupRestoration (6ms)
Platform modules already initialized, skipping
========================================================================
Worker process is ready to serve import requests
Launching external process: /Applications/Unity/Hub/Editor/2021.3.22f1/Unity.app/Contents/Tools/UnityShaderCompiler
Launched and connected shader compiler UnityShaderCompiler after 0.03 seconds
Refreshing native plugins compatible for Editor in 0.68 ms, found 2 plugins.
Preloading 0 native plugins for Editor in 0.00 ms.
Unloading 3392 Unused Serialized files (Serialized files now loaded: 0)
Unloading 25 unused Assets / (40.1 KB). Loaded Objects now: 3855.
Memory consumption went from 115.9 MB to 115.9 MB.
Total: 5.099195 ms (FindLiveObjects: 0.350065 ms CreateObjectMapping: 0.288037 ms MarkObjects: 4.361280 ms  DeleteObjects: 0.098702 ms)

AssetImportParameters requested are different than current active one (requested -> active):
  custom:video-decoder-ogg-theora: a1e56fd34408186e4bbccfd4996cb3dc -> 
  custom:container-muxer-webm: aa71ff27fc2769a1b78a27578f13a17b -> 
  custom:container-demuxer-webm: 4f35f7cbe854078d1ac9338744f61a02 -> 
  custom:video-encoder-webm-vp8: eb34c28f22e8b96e1ab97ce403110664 -> 
  custom:framework-osx-AVFoundation: e770b220cccbd017edd2c1fefb359320 -> 
  custom:audio-encoder-webm-vorbis: bf7c407c2cedff20999df2af8eb42d56 -> 
  custom:container-demuxer-ogg: 62fdf1f143b41e24485cea50d1cbac27 -> 
  custom:video-decoder-webm-vp8: 9c59270c3fd7afecdb556c50c9e8de78 -> 
  custom:audio-decoder-ogg-vorbis: bf7c407c2cedff20999df2af8eb42d56 -> 
========================================================================
Received Import Request.
  Time since last request: 59974.997830 seconds.
  path: Assets/Prefabs/Plinky.prefab
  artifactKey: Guid(2506aab3d3cf1bb41a4ddc9dcca77489) Importer(815301076,1909f56bfc062723c751e8b465ee728b)
Start importing Assets/Prefabs/Plinky.prefab using Guid(2506aab3d3cf1bb41a4ddc9dcca77489) Importer(815301076,1909f56bfc062723c751e8b465ee728b)  -> (artifact id: 'cbb61e6f53a676d0903dc1a5e37473f6') in 2.519475 seconds 
========================================================================
Received Import Request.
  Time since last request: 24.562118 seconds.
  path: Assets/PacmanInputs.inputactions
  artifactKey: Guid(33dac06744d9f4a0e979a6fb4bd16e8e) Importer(815301076,1909f56bfc062723c751e8b465ee728b)
Start importing Assets/PacmanInputs.inputactions using Guid(33dac06744d9f4a0e979a6fb4bd16e8e) Importer(815301076,1909f56bfc062723c751e8b465ee728b)  -> (artifact id: '269bf7d851952066dea59fe15c3fae33') in 0.365769 seconds 
========================================================================
Received Import Request.
  Time since last request: 244.971274 seconds.
  path: Assets/PacmanInputs.inputactions
  artifactKey: Guid(33dac06744d9f4a0e979a6fb4bd16e8e) Importer(815301076,1909f56bfc062723c751e8b465ee728b)
Start importing Assets/PacmanInputs.inputactions using Guid(33dac06744d9f4a0e979a6fb4bd16e8e) Importer(815301076,1909f56bfc062723c751e8b465ee728b)  -> (artifact id: '844e673e7b3c5c3042d747c382545f9b') in 0.026416 seconds 
========================================================================
Received Import Request.
  Time since last request: 18.638703 seconds.
  path: Assets/PacmanInputs.inputactions
  artifactKey: Guid(33dac06744d9f4a0e979a6fb4bd16e8e) Importer(815301076,1909f56bfc062723c751e8b465ee728b)
Start importing Assets/PacmanInputs.inputactions using Guid(33dac06744d9f4a0e979a6fb4bd16e8e) Importer(815301076,1909f56bfc062723c751e8b465ee728b)  -> (artifact id: 'bd5948eb917a6c6574d99bb079865501') in 0.002913 seconds 
========================================================================
Received Import Request.
  Time since last request: 67.983410 seconds.
  path: Assets/PacmanInputs.inputactions
  artifactKey: Guid(33dac06744d9f4a0e979a6fb4bd16e8e) Importer(815301076,1909f56bfc062723c751e8b465ee728b)
Start importing Assets/PacmanInputs.inputactions using Guid(33dac06744d9f4a0e979a6fb4bd16e8e) Importer(815301076,1909f56bfc062723c751e8b465ee728b)  -> (artifact id: '25dfd1597f031d7f4b4ea48433cd483c') in 0.003013 seconds 
========================================================================
Received Import Request.
  Time since last request: 1.979502 seconds.
  path: Assets/PacmanInputs.cs
  artifactKey: Guid(0b14ee40d1e8c45dbad244afaa087533) Importer(815301076,1909f56bfc062723c751e8b465ee728b)
Start importing Assets/PacmanInputs.cs using Guid(0b14ee40d1e8c45dbad244afaa087533) Importer(815301076,1909f56bfc062723c751e8b465ee728b)  -> (artifact id: 'aaa7bfcaa0f71a55eedc86c44bcedbdd') in 0.791098 seconds 
========================================================================
Received Prepare
Registering precompiled user dll's ...
Registered in 0.002204 seconds.
Begin MonoManager ReloadAssembly
Symbol file LoadedFromMemory doesn't match image /Users/60ots/GitHub/PacmanCSE3541Lab6/PacmanGame/Library/PackageCache/com.unity.visualscripting@1.8.0/Editor/VisualScripting.Core/Dependencies/YamlDotNet/Unity.VisualScripting.YamlDotNet.dll
Symbol file LoadedFromMemory doesn't match image /Users/60ots/GitHub/PacmanCSE3541Lab6/PacmanGame/Library/PackageCache/com.unity.visualscripting@1.8.0/Editor/VisualScripting.Core/Dependencies/DotNetZip/Unity.VisualScripting.IonicZip.dll
Native extension for OSXStandalone target not found
Native extension for WebGL target not found
Refreshing native plugins compatible for Editor in 0.99 ms, found 2 plugins.
Preloading 0 native plugins for Editor in 0.00 ms.
Mono: successfully reloaded assembly
- Completed reload, in  1.873 seconds
Domain Reload Profiling:
	ReloadAssembly (1875ms)
		BeginReloadAssembly (373ms)
			ExecutionOrderSort (0ms)
			DisableScriptedObjects (16ms)
			BackupInstance (0ms)
			ReleaseScriptingObjects (0ms)
			CreateAndSetChildDomain (163ms)
		EndReloadAssembly (1341ms)
			LoadAssemblies (168ms)
			RebuildTransferFunctionScriptingTraits (0ms)
			SetupTypeCache (579ms)
			ReleaseScriptCaches (1ms)
			RebuildScriptCaches (61ms)
			SetupLoadedEditorAssemblies (506ms)
				LogAssemblyErrors (0ms)
				InitializePlatformSupportModulesInManaged (9ms)
				SetLoadedEditorAssemblies (1ms)
				RefreshPlugins (1ms)
				BeforeProcessingInitializeOnLoad (75ms)
				ProcessInitializeOnLoadAttributes (391ms)
				ProcessInitializeOnLoadMethodAttributes (27ms)
				AfterProcessingInitializeOnLoad (2ms)
				EditorAssembliesLoaded (0ms)
			ExecutionOrderSort2 (0ms)
			AwakeInstancesAfterBackupRestoration (7ms)
Platform modules already initialized, skipping
Refreshing native plugins compatible for Editor in 1.36 ms, found 2 plugins.
Preloading 0 native plugins for Editor in 0.00 ms.
Unloading 3386 Unused Serialized files (Serialized files now loaded: 0)
Unloading 16 unused Assets / (22.1 KB). Loaded Objects now: 3867.
Memory consumption went from 130.1 MB to 130.1 MB.
Total: 3.633179 ms (FindLiveObjects: 0.295204 ms CreateObjectMapping: 0.174190 ms MarkObjects: 3.118809 ms  DeleteObjects: 0.044028 ms)

AssetImportParameters requested are different than current active one (requested -> active):
  custom:video-decoder-ogg-theora: a1e56fd34408186e4bbccfd4996cb3dc -> 
  custom:container-muxer-webm: aa71ff27fc2769a1b78a27578f13a17b -> 
  custom:container-demuxer-webm: 4f35f7cbe854078d1ac9338744f61a02 -> 
  custom:video-encoder-webm-vp8: eb34c28f22e8b96e1ab97ce403110664 -> 
  custom:framework-osx-AVFoundation: e770b220cccbd017edd2c1fefb359320 -> 
  custom:audio-encoder-webm-vorbis: bf7c407c2cedff20999df2af8eb42d56 -> 
  custom:container-demuxer-ogg: 62fdf1f143b41e24485cea50d1cbac27 -> 
  custom:video-decoder-webm-vp8: 9c59270c3fd7afecdb556c50c9e8de78 -> 
  custom:audio-decoder-ogg-vorbis: bf7c407c2cedff20999df2af8eb42d56 -> 
========================================================================
Received Prepare
Registering precompiled user dll's ...
Registered in 0.002077 seconds.
Begin MonoManager ReloadAssembly
Symbol file LoadedFromMemory doesn't match image /Users/60ots/GitHub/PacmanCSE3541Lab6/PacmanGame/Library/PackageCache/com.unity.visualscripting@1.8.0/Editor/VisualScripting.Core/Dependencies/YamlDotNet/Unity.VisualScripting.YamlDotNet.dll
Symbol file LoadedFromMemory doesn't match image /Users/60ots/GitHub/PacmanCSE3541Lab6/PacmanGame/Library/PackageCache/com.unity.visualscripting@1.8.0/Editor/VisualScripting.Core/Dependencies/DotNetZip/Unity.VisualScripting.IonicZip.dll
Native extension for OSXStandalone target not found
Native extension for WebGL target not found
Refreshing native plugins compatible for Editor in 0.56 ms, found 2 plugins.
Preloading 0 native plugins for Editor in 0.00 ms.
Mono: successfully reloaded assembly
- Completed reload, in  1.545 seconds
Domain Reload Profiling:
	ReloadAssembly (1546ms)
		BeginReloadAssembly (216ms)
			ExecutionOrderSort (0ms)
			DisableScriptedObjects (8ms)
			BackupInstance (0ms)
			ReleaseScriptingObjects (0ms)
			CreateAndSetChildDomain (86ms)
		EndReloadAssembly (1207ms)
			LoadAssemblies (109ms)
			RebuildTransferFunctionScriptingTraits (0ms)
			SetupTypeCache (545ms)
			ReleaseScriptCaches (2ms)
			RebuildScriptCaches (61ms)
			SetupLoadedEditorAssemblies (436ms)
				LogAssemblyErrors (0ms)
				InitializePlatformSupportModulesInManaged (6ms)
				SetLoadedEditorAssemblies (1ms)
				RefreshPlugins (1ms)
				BeforeProcessingInitializeOnLoad (57ms)
				ProcessInitializeOnLoadAttributes (346ms)
				ProcessInitializeOnLoadMethodAttributes (23ms)
				AfterProcessingInitializeOnLoad (3ms)
				EditorAssembliesLoaded (0ms)
			ExecutionOrderSort2 (0ms)
			AwakeInstancesAfterBackupRestoration (5ms)
Platform modules already initialized, skipping
Refreshing native plugins compatible for Editor in 2.09 ms, found 2 plugins.
Preloading 0 native plugins for Editor in 0.00 ms.
Unloading 3387 Unused Serialized files (Serialized files now loaded: 0)
Unloading 16 unused Assets / (22.0 KB). Loaded Objects now: 3871.
Memory consumption went from 130.2 MB to 130.1 MB.
Total: 3.984595 ms (FindLiveObjects: 0.396445 ms CreateObjectMapping: 0.182729 ms MarkObjects: 3.331987 ms  DeleteObjects: 0.072547 ms)

AssetImportParameters requested are different than current active one (requested -> active):
  custom:video-decoder-ogg-theora: a1e56fd34408186e4bbccfd4996cb3dc -> 
  custom:container-muxer-webm: aa71ff27fc2769a1b78a27578f13a17b -> 
  custom:container-demuxer-webm: 4f35f7cbe854078d1ac9338744f61a02 -> 
  custom:video-encoder-webm-vp8: eb34c28f22e8b96e1ab97ce403110664 -> 
  custom:framework-osx-AVFoundation: e770b220cccbd017edd2c1fefb359320 -> 
  custom:audio-encoder-webm-vorbis: bf7c407c2cedff20999df2af8eb42d56 -> 
  custom:container-demuxer-ogg: 62fdf1f143b41e24485cea50d1cbac27 -> 
  custom:video-decoder-webm-vp8: 9c59270c3fd7afecdb556c50c9e8de78 -> 
  custom:audio-decoder-ogg-vorbis: bf7c407c2cedff20999df2af8eb42d56 -> 
========================================================================
Received Import Request.
  Time since last request: 159.949729 seconds.
  path: Assets/PacmanInputs.inputactions
  artifactKey: Guid(33dac06744d9f4a0e979a6fb4bd16e8e) Importer(815301076,1909f56bfc062723c751e8b465ee728b)
Start importing Assets/PacmanInputs.inputactions using Guid(33dac06744d9f4a0e979a6fb4bd16e8e) Importer(815301076,1909f56bfc062723c751e8b465ee728b)  -> (artifact id: 'e2d1e2e8b097b8fc1489361508a01b28') in 0.112017 seconds 
========================================================================
Received Import Request.
  Time since last request: 0.108437 seconds.
  path: Assets/PacmanInputs.inputactions
  artifactKey: Guid(33dac06744d9f4a0e979a6fb4bd16e8e) Importer(815301076,1909f56bfc062723c751e8b465ee728b)
Start importing Assets/PacmanInputs.inputactions using Guid(33dac06744d9f4a0e979a6fb4bd16e8e) Importer(815301076,1909f56bfc062723c751e8b465ee728b)  -> (artifact id: '070ba7f01684b02a4089c49b4ef1f28c') in 0.002857 seconds 
========================================================================
Received Import Request.
  Time since last request: 3.025304 seconds.
  path: Assets/PacmanInputs.cs
  artifactKey: Guid(0b14ee40d1e8c45dbad244afaa087533) Importer(815301076,1909f56bfc062723c751e8b465ee728b)
Start importing Assets/PacmanInputs.cs using Guid(0b14ee40d1e8c45dbad244afaa087533) Importer(815301076,1909f56bfc062723c751e8b465ee728b)  -> (artifact id: '76f7b9e96e7419108ae3f85e64e02c3b') in 0.005751 seconds 
========================================================================
Received Import Request.
  Time since last request: 905.190289 seconds.
  path: Assets/PacmanInputs.inputactions
  artifactKey: Guid(33dac06744d9f4a0e979a6fb4bd16e8e) Importer(815301076,1909f56bfc062723c751e8b465ee728b)
Start importing Assets/PacmanInputs.inputactions using Guid(33dac06744d9f4a0e979a6fb4bd16e8e) Importer(815301076,1909f56bfc062723c751e8b465ee728b)  -> (artifact id: '2a2403ae9d5911af106443dd1d45c1e2') in 0.021907 seconds 
========================================================================
Received Prepare
Registering precompiled user dll's ...
Registered in 0.002404 seconds.
Begin MonoManager ReloadAssembly
Symbol file LoadedFromMemory doesn't match image /Users/60ots/GitHub/PacmanCSE3541Lab6/PacmanGame/Library/PackageCache/com.unity.visualscripting@1.8.0/Editor/VisualScripting.Core/Dependencies/YamlDotNet/Unity.VisualScripting.YamlDotNet.dll
Symbol file LoadedFromMemory doesn't match image /Users/60ots/GitHub/PacmanCSE3541Lab6/PacmanGame/Library/PackageCache/com.unity.visualscripting@1.8.0/Editor/VisualScripting.Core/Dependencies/DotNetZip/Unity.VisualScripting.IonicZip.dll
Native extension for OSXStandalone target not found
Native extension for WebGL target not found
Refreshing native plugins compatible for Editor in 0.63 ms, found 2 plugins.
Preloading 0 native plugins for Editor in 0.00 ms.
Mono: successfully reloaded assembly
- Completed reload, in  1.707 seconds
Domain Reload Profiling:
	ReloadAssembly (1709ms)
		BeginReloadAssembly (339ms)
			ExecutionOrderSort (0ms)
			DisableScriptedObjects (16ms)
			BackupInstance (0ms)
			ReleaseScriptingObjects (0ms)
			CreateAndSetChildDomain (156ms)
		EndReloadAssembly (1209ms)
			LoadAssemblies (140ms)
			RebuildTransferFunctionScriptingTraits (0ms)
			SetupTypeCache (513ms)
			ReleaseScriptCaches (1ms)
			RebuildScriptCaches (61ms)
			SetupLoadedEditorAssemblies (450ms)
				LogAssemblyErrors (0ms)
				InitializePlatformSupportModulesInManaged (7ms)
				SetLoadedEditorAssemblies (1ms)
				RefreshPlugins (1ms)
				BeforeProcessingInitializeOnLoad (61ms)
				ProcessInitializeOnLoadAttributes (354ms)
				ProcessInitializeOnLoadMethodAttributes (23ms)
				AfterProcessingInitializeOnLoad (3ms)
				EditorAssembliesLoaded (0ms)
			ExecutionOrderSort2 (0ms)
			AwakeInstancesAfterBackupRestoration (5ms)
Platform modules already initialized, skipping
Refreshing native plugins compatible for Editor in 2.05 ms, found 2 plugins.
Preloading 0 native plugins for Editor in 0.00 ms.
Unloading 3389 Unused Serialized files (Serialized files now loaded: 0)
Unloading 16 unused Assets / (22.0 KB). Loaded Objects now: 3876.
Memory consumption went from 130.2 MB to 130.2 MB.
Total: 3.822929 ms (FindLiveObjects: 0.300463 ms CreateObjectMapping: 0.185155 ms MarkObjects: 3.294882 ms  DeleteObjects: 0.040803 ms)

AssetImportParameters requested are different than current active one (requested -> active):
  custom:video-decoder-ogg-theora: a1e56fd34408186e4bbccfd4996cb3dc -> 
  custom:container-muxer-webm: aa71ff27fc2769a1b78a27578f13a17b -> 
  custom:container-demuxer-webm: 4f35f7cbe854078d1ac9338744f61a02 -> 
  custom:video-encoder-webm-vp8: eb34c28f22e8b96e1ab97ce403110664 -> 
  custom:framework-osx-AVFoundation: e770b220cccbd017edd2c1fefb359320 -> 
  custom:audio-encoder-webm-vorbis: bf7c407c2cedff20999df2af8eb42d56 -> 
  custom:container-demuxer-ogg: 62fdf1f143b41e24485cea50d1cbac27 -> 
  custom:video-decoder-webm-vp8: 9c59270c3fd7afecdb556c50c9e8de78 -> 
  custom:audio-decoder-ogg-vorbis: bf7c407c2cedff20999df2af8eb42d56 -> 
========================================================================
Received Prepare
Registering precompiled user dll's ...
Registered in 0.002566 seconds.
Begin MonoManager ReloadAssembly
Symbol file LoadedFromMemory doesn't match image /Users/60ots/GitHub/PacmanCSE3541Lab6/PacmanGame/Library/PackageCache/com.unity.visualscripting@1.8.0/Editor/VisualScripting.Core/Dependencies/YamlDotNet/Unity.VisualScripting.YamlDotNet.dll
Symbol file LoadedFromMemory doesn't match image /Users/60ots/GitHub/PacmanCSE3541Lab6/PacmanGame/Library/PackageCache/com.unity.visualscripting@1.8.0/Editor/VisualScripting.Core/Dependencies/DotNetZip/Unity.VisualScripting.IonicZip.dll
Native extension for OSXStandalone target not found
Native extension for WebGL target not found
Refreshing native plugins compatible for Editor in 0.72 ms, found 2 plugins.
Preloading 0 native plugins for Editor in 0.00 ms.
Mono: successfully reloaded assembly
- Completed reload, in  1.625 seconds
Domain Reload Profiling:
	ReloadAssembly (1626ms)
		BeginReloadAssembly (212ms)
			ExecutionOrderSort (0ms)
			DisableScriptedObjects (8ms)
			BackupInstance (0ms)
			ReleaseScriptingObjects (0ms)
			CreateAndSetChildDomain (89ms)
		EndReloadAssembly (1276ms)
			LoadAssemblies (114ms)
			RebuildTransferFunctionScriptingTraits (0ms)
			SetupTypeCache (523ms)
			ReleaseScriptCaches (2ms)
			RebuildScriptCaches (81ms)
			SetupLoadedEditorAssemblies (471ms)
				LogAssemblyErrors (0ms)
				InitializePlatformSupportModulesInManaged (8ms)
				SetLoadedEditorAssemblies (1ms)
				RefreshPlugins (1ms)
				BeforeProcessingInitializeOnLoad (58ms)
				ProcessInitializeOnLoadAttributes (376ms)
				ProcessInitializeOnLoadMethodAttributes (24ms)
				AfterProcessingInitializeOnLoad (3ms)
				EditorAssembliesLoaded (0ms)
			ExecutionOrderSort2 (0ms)
			AwakeInstancesAfterBackupRestoration (6ms)
Platform modules already initialized, skipping
Refreshing native plugins compatible for Editor in 2.16 ms, found 2 plugins.
Preloading 0 native plugins for Editor in 0.00 ms.
Unloading 3389 Unused Serialized files (Serialized files now loaded: 0)
Unloading 16 unused Assets / (22.1 KB). Loaded Objects now: 3879.
Memory consumption went from 130.2 MB to 130.2 MB.
Total: 4.641333 ms (FindLiveObjects: 0.366448 ms CreateObjectMapping: 0.245891 ms MarkObjects: 3.993618 ms  DeleteObjects: 0.034234 ms)

AssetImportParameters requested are different than current active one (requested -> active):
  custom:video-decoder-ogg-theora: a1e56fd34408186e4bbccfd4996cb3dc -> 
  custom:container-muxer-webm: aa71ff27fc2769a1b78a27578f13a17b -> 
  custom:container-demuxer-webm: 4f35f7cbe854078d1ac9338744f61a02 -> 
  custom:video-encoder-webm-vp8: eb34c28f22e8b96e1ab97ce403110664 -> 
  custom:framework-osx-AVFoundation: e770b220cccbd017edd2c1fefb359320 -> 
  custom:audio-encoder-webm-vorbis: bf7c407c2cedff20999df2af8eb42d56 -> 
  custom:container-demuxer-ogg: 62fdf1f143b41e24485cea50d1cbac27 -> 
  custom:video-decoder-webm-vp8: 9c59270c3fd7afecdb556c50c9e8de78 -> 
  custom:audio-decoder-ogg-vorbis: bf7c407c2cedff20999df2af8eb42d56 -> 
========================================================================
Received Prepare
Registering precompiled user dll's ...
Registered in 0.002900 seconds.
Begin MonoManager ReloadAssembly
Symbol file LoadedFromMemory doesn't match image /Users/60ots/GitHub/PacmanCSE3541Lab6/PacmanGame/Library/PackageCache/com.unity.visualscripting@1.8.0/Editor/VisualScripting.Core/Dependencies/YamlDotNet/Unity.VisualScripting.YamlDotNet.dll
Symbol file LoadedFromMemory doesn't match image /Users/60ots/GitHub/PacmanCSE3541Lab6/PacmanGame/Library/PackageCache/com.unity.visualscripting@1.8.0/Editor/VisualScripting.Core/Dependencies/DotNetZip/Unity.VisualScripting.IonicZip.dll
Native extension for OSXStandalone target not found
Native extension for WebGL target not found
Refreshing native plugins compatible for Editor in 0.74 ms, found 2 plugins.
Preloading 0 native plugins for Editor in 0.00 ms.
Mono: successfully reloaded assembly
- Completed reload, in  1.783 seconds
Domain Reload Profiling:
	ReloadAssembly (1784ms)
		BeginReloadAssembly (229ms)
			ExecutionOrderSort (0ms)
			DisableScriptedObjects (9ms)
			BackupInstance (0ms)
			ReleaseScriptingObjects (0ms)
			CreateAndSetChildDomain (92ms)
		EndReloadAssembly (1385ms)
			LoadAssemblies (117ms)
			RebuildTransferFunctionScriptingTraits (0ms)
			SetupTypeCache (539ms)
			ReleaseScriptCaches (1ms)
			RebuildScriptCaches (57ms)
			SetupLoadedEditorAssemblies (594ms)
				LogAssemblyErrors (0ms)
				InitializePlatformSupportModulesInManaged (7ms)
				SetLoadedEditorAssemblies (1ms)
				RefreshPlugins (1ms)
				BeforeProcessingInitializeOnLoad (64ms)
				ProcessInitializeOnLoadAttributes (481ms)
				ProcessInitializeOnLoadMethodAttributes (37ms)
				AfterProcessingInitializeOnLoad (4ms)
				EditorAssembliesLoaded (0ms)
			ExecutionOrderSort2 (0ms)
			AwakeInstancesAfterBackupRestoration (10ms)
Platform modules already initialized, skipping
Refreshing native plugins compatible for Editor in 1.51 ms, found 2 plugins.
Preloading 0 native plugins for Editor in 0.00 ms.
Unloading 3389 Unused Serialized files (Serialized files now loaded: 0)
Unloading 16 unused Assets / (22.0 KB). Loaded Objects now: 3882.
Memory consumption went from 130.2 MB to 130.2 MB.
Total: 4.705128 ms (FindLiveObjects: 0.345448 ms CreateObjectMapping: 0.295985 ms MarkObjects: 4.039722 ms  DeleteObjects: 0.022936 ms)

AssetImportParameters requested are different than current active one (requested -> active):
  custom:video-decoder-ogg-theora: a1e56fd34408186e4bbccfd4996cb3dc -> 
  custom:container-muxer-webm: aa71ff27fc2769a1b78a27578f13a17b -> 
  custom:container-demuxer-webm: 4f35f7cbe854078d1ac9338744f61a02 -> 
  custom:video-encoder-webm-vp8: eb34c28f22e8b96e1ab97ce403110664 -> 
  custom:framework-osx-AVFoundation: e770b220cccbd017edd2c1fefb359320 -> 
  custom:audio-encoder-webm-vorbis: bf7c407c2cedff20999df2af8eb42d56 -> 
  custom:container-demuxer-ogg: 62fdf1f143b41e24485cea50d1cbac27 -> 
  custom:video-decoder-webm-vp8: 9c59270c3fd7afecdb556c50c9e8de78 -> 
  custom:audio-decoder-ogg-vorbis: bf7c407c2cedff20999df2af8eb42d56 -> 
========================================================================
Received Import Request.
  Time since last request: 52.792291 seconds.
  path: Assets/PacmanInputs.cs
  artifactKey: Guid(0b14ee40d1e8c45dbad244afaa087533) Importer(815301076,1909f56bfc062723c751e8b465ee728b)
Start importing Assets/PacmanInputs.cs using Guid(0b14ee40d1e8c45dbad244afaa087533) Importer(815301076,1909f56bfc062723c751e8b465ee728b)  -> (artifact id: '4ecdc3230d6027ec9071f8e9395e6236') in 0.015165 seconds 
========================================================================
Received Import Request.
  Time since last request: 55.511482 seconds.
  path: Assets/PacmanInputs.inputactions
  artifactKey: Guid(33dac06744d9f4a0e979a6fb4bd16e8e) Importer(815301076,1909f56bfc062723c751e8b465ee728b)
Start importing Assets/PacmanInputs.inputactions using Guid(33dac06744d9f4a0e979a6fb4bd16e8e) Importer(815301076,1909f56bfc062723c751e8b465ee728b)  -> (artifact id: 'ebad8c5c13a636dfe52153d9ec8a66ef') in 0.017315 seconds 
========================================================================
Received Prepare
Registering precompiled user dll's ...
Registered in 0.002159 seconds.
Begin MonoManager ReloadAssembly
Symbol file LoadedFromMemory doesn't match image /Users/60ots/GitHub/PacmanCSE3541Lab6/PacmanGame/Library/PackageCache/com.unity.visualscripting@1.8.0/Editor/VisualScripting.Core/Dependencies/YamlDotNet/Unity.VisualScripting.YamlDotNet.dll
Symbol file LoadedFromMemory doesn't match image /Users/60ots/GitHub/PacmanCSE3541Lab6/PacmanGame/Library/PackageCache/com.unity.visualscripting@1.8.0/Editor/VisualScripting.Core/Dependencies/DotNetZip/Unity.VisualScripting.IonicZip.dll
Native extension for OSXStandalone target not found
Native extension for WebGL target not found
Refreshing native plugins compatible for Editor in 0.56 ms, found 2 plugins.
Preloading 0 native plugins for Editor in 0.00 ms.
Mono: successfully reloaded assembly
- Completed reload, in  1.333 seconds
Domain Reload Profiling:
	ReloadAssembly (1334ms)
		BeginReloadAssembly (184ms)
			ExecutionOrderSort (0ms)
			DisableScriptedObjects (7ms)
			BackupInstance (0ms)
			ReleaseScriptingObjects (0ms)
			CreateAndSetChildDomain (74ms)
		EndReloadAssembly (1028ms)
			LoadAssemblies (88ms)
			RebuildTransferFunctionScriptingTraits (0ms)
			SetupTypeCache (407ms)
			ReleaseScriptCaches (1ms)
			RebuildScriptCaches (57ms)
			SetupLoadedEditorAssemblies (420ms)
				LogAssemblyErrors (0ms)
				InitializePlatformSupportModulesInManaged (6ms)
				SetLoadedEditorAssemblies (1ms)
				RefreshPlugins (1ms)
				BeforeProcessingInitializeOnLoad (59ms)
				ProcessInitializeOnLoadAttributes (328ms)
				ProcessInitializeOnLoadMethodAttributes (22ms)
				AfterProcessingInitializeOnLoad (3ms)
				EditorAssembliesLoaded (0ms)
			ExecutionOrderSort2 (0ms)
			AwakeInstancesAfterBackupRestoration (5ms)
Platform modules already initialized, skipping
Refreshing native plugins compatible for Editor in 1.42 ms, found 2 plugins.
Preloading 0 native plugins for Editor in 0.00 ms.
Unloading 3389 Unused Serialized files (Serialized files now loaded: 0)
Unloading 16 unused Assets / (22.0 KB). Loaded Objects now: 3885.
Memory consumption went from 130.2 MB to 130.2 MB.
Total: 3.591891 ms (FindLiveObjects: 0.283968 ms CreateObjectMapping: 0.237034 ms MarkObjects: 3.048096 ms  DeleteObjects: 0.021778 ms)

AssetImportParameters requested are different than current active one (requested -> active):
  custom:video-decoder-ogg-theora: a1e56fd34408186e4bbccfd4996cb3dc -> 
  custom:container-muxer-webm: aa71ff27fc2769a1b78a27578f13a17b -> 
  custom:container-demuxer-webm: 4f35f7cbe854078d1ac9338744f61a02 -> 
  custom:video-encoder-webm-vp8: eb34c28f22e8b96e1ab97ce403110664 -> 
  custom:framework-osx-AVFoundation: e770b220cccbd017edd2c1fefb359320 -> 
  custom:audio-encoder-webm-vorbis: bf7c407c2cedff20999df2af8eb42d56 -> 
  custom:container-demuxer-ogg: 62fdf1f143b41e24485cea50d1cbac27 -> 
  custom:video-decoder-webm-vp8: 9c59270c3fd7afecdb556c50c9e8de78 -> 
  custom:audio-decoder-ogg-vorbis: bf7c407c2cedff20999df2af8eb42d56 -> 
========================================================================
Received Import Request.
  Time since last request: 2311.894038 seconds.
  path: Assets/Scripts/MovementControl.cs
  artifactKey: Guid(437c9cc64fb644c328f779669d71a138) Importer(815301076,1909f56bfc062723c751e8b465ee728b)
Start importing Assets/Scripts/MovementControl.cs using Guid(437c9cc64fb644c328f779669d71a138) Importer(815301076,1909f56bfc062723c751e8b465ee728b)  -> (artifact id: 'bf8039c037ad5a8ff4d3e897b2fee506') in 0.110482 seconds 
========================================================================
Received Import Request.
  Time since last request: 3.571991 seconds.
  path: Assets/OctoMan/3D Models/Blinky.FBX
  artifactKey: Guid(c9ba0f6a2aaa1bd419a00804249c3a58) Importer(815301076,1909f56bfc062723c751e8b465ee728b)
Start importing Assets/OctoMan/3D Models/Blinky.FBX using Guid(c9ba0f6a2aaa1bd419a00804249c3a58) Importer(815301076,1909f56bfc062723c751e8b465ee728b)  -> (artifact id: '6348093410c4a46f1036e9075f1e4fb1') in 0.896128 seconds 
========================================================================
Received Import Request.
  Time since last request: 0.005892 seconds.
  path: Assets/OctoMan/3D Models/Cherry.FBX
  artifactKey: Guid(1ce2f71962125724aa787e96ca184282) Importer(815301076,1909f56bfc062723c751e8b465ee728b)
Start importing Assets/OctoMan/3D Models/Cherry.FBX using Guid(1ce2f71962125724aa787e96ca184282) Importer(815301076,1909f56bfc062723c751e8b465ee728b)  -> (artifact id: '967ba2ce242c14da56736d622a5c7702') in 0.063771 seconds 
========================================================================
Received Import Request.
  Time since last request: 0.000075 seconds.
  path: Assets/Pacman Assets/pacmanstuff/Other stuff/Characters/Blinky.obj
  artifactKey: Guid(8786ff02303ba1e4d8d765d05c4207fc) Importer(815301076,1909f56bfc062723c751e8b465ee728b)
Start importing Assets/Pacman Assets/pacmanstuff/Other stuff/Characters/Blinky.obj using Guid(8786ff02303ba1e4d8d765d05c4207fc) Importer(815301076,1909f56bfc062723c751e8b465ee728b)  -> (artifact id: 'fc048eb35d877d9df302e65c302d4a3e') in 0.685279 seconds 
========================================================================
Received Import Request.
  Time since last request: 0.000133 seconds.
  path: Assets/Pacman Assets/pacmanstuff/PacMan FBX Pack/Characters/Clyde.FBX
  artifactKey: Guid(bc35da4cd1bacdd4ba2e98e1ed5ce815) Importer(815301076,1909f56bfc062723c751e8b465ee728b)
Start importing Assets/Pacman Assets/pacmanstuff/PacMan FBX Pack/Characters/Clyde.FBX using Guid(bc35da4cd1bacdd4ba2e98e1ed5ce815) Importer(815301076,1909f56bfc062723c751e8b465ee728b)  -> (artifact id: 'f2a959fdbedb69cf5c22d0daba516cd2') in 0.054398 seconds 
========================================================================
Received Import Request.
  Time since last request: 0.000067 seconds.
  path: Assets/OctoMan/Prefabs/Characters/Blinky.prefab
  artifactKey: Guid(0a1bd1f5dde48ee4481d304ea73242be) Importer(815301076,1909f56bfc062723c751e8b465ee728b)
Start importing Assets/OctoMan/Prefabs/Characters/Blinky.prefab using Guid(0a1bd1f5dde48ee4481d304ea73242be) Importer(815301076,1909f56bfc062723c751e8b465ee728b)  -> (artifact id: '10754e74d7bd02943e05b200f564b164') in 0.024020 seconds 
========================================================================
Received Import Request.
  Time since last request: 0.000076 seconds.
  path: Assets/OctoMan/3D Models/Ghost.FBX
  artifactKey: Guid(775b5780feaf63e41b7c249e4e853e8e) Importer(815301076,1909f56bfc062723c751e8b465ee728b)
Start importing Assets/OctoMan/3D Models/Ghost.FBX using Guid(775b5780feaf63e41b7c249e4e853e8e) Importer(815301076,1909f56bfc062723c751e8b465ee728b)  -> (artifact id: 'bf72f8b4b116afde551e02911a25a6d3') in 0.068385 seconds 
========================================================================
Received Import Request.
  Time since last request: 0.000073 seconds.
  path: Assets/OctoMan/Prefabs/Walls/L Piece 2.prefab
  artifactKey: Guid(754321a94e22eb947b8a0a3dd391045d) Importer(815301076,1909f56bfc062723c751e8b465ee728b)
Start importing Assets/OctoMan/Prefabs/Walls/L Piece 2.prefab using Guid(754321a94e22eb947b8a0a3dd391045d) Importer(815301076,1909f56bfc062723c751e8b465ee728b)  -> (artifact id: '4fad73d6ad9a4c59b417e1a4ef527faa') in 0.042073 seconds 
========================================================================
Received Import Request.
  Time since last request: 0.000080 seconds.
  path: Assets/OctoMan/3D Models/Inky.FBX
  artifactKey: Guid(e205087366e553244828878cb0728b2d) Importer(815301076,1909f56bfc062723c751e8b465ee728b)
Start importing Assets/OctoMan/3D Models/Inky.FBX using Guid(e205087366e553244828878cb0728b2d) Importer(815301076,1909f56bfc062723c751e8b465ee728b)  -> (artifact id: '575e8d48b752b30d99cd6a9764ddc9c8') in 0.080797 seconds 
========================================================================
Received Import Request.
  Time since last request: 0.000077 seconds.
  path: Assets/Pacman Assets/pacmanstuff/Other stuff/Characters/Ghost.obj
  artifactKey: Guid(56274b677bddc2e47aa0ab4b57e9c852) Importer(815301076,1909f56bfc062723c751e8b465ee728b)
Start importing Assets/Pacman Assets/pacmanstuff/Other stuff/Characters/Ghost.obj using Guid(56274b677bddc2e47aa0ab4b57e9c852) Importer(815301076,1909f56bfc062723c751e8b465ee728b)  -> (artifact id: '4c204e28c8eb7179101f910a229469e5') in 0.035243 seconds 
========================================================================
Received Import Request.
  Time since last request: 0.000078 seconds.
  path: Assets/OctoMan/Prefabs/Walls/Home.prefab
  artifactKey: Guid(d9b892074ef162d4d921f0d827b69d76) Importer(815301076,1909f56bfc062723c751e8b465ee728b)
Start importing Assets/OctoMan/Prefabs/Walls/Home.prefab using Guid(d9b892074ef162d4d921f0d827b69d76) Importer(815301076,1909f56bfc062723c751e8b465ee728b)  -> (artifact id: 'ae42d56bd3a95c2f1ab907befb8ee74a') in 0.017702 seconds 
========================================================================
Received Import Request.
  Time since last request: 0.000062 seconds.
  path: Assets/Pacman Assets/pacmanstuff/PacMan FBX Pack/Characters/Inky.FBX
  artifactKey: Guid(e07e1738137d53041bae672444b9d542) Importer(815301076,1909f56bfc062723c751e8b465ee728b)
Start importing Assets/Pacman Assets/pacmanstuff/PacMan FBX Pack/Characters/Inky.FBX using Guid(e07e1738137d53041bae672444b9d542) Importer(815301076,1909f56bfc062723c751e8b465ee728b)  -> (artifact id: 'ff65fb437cde741e3946c8462af6b183') in 0.061267 seconds 
========================================================================
Received Import Request.
  Time since last request: 0.000075 seconds.
  path: Assets/OctoMan/Prefabs/Walls/L Piece 1.prefab
  artifactKey: Guid(4588fa66ebac516478b807c07aba277b) Importer(815301076,1909f56bfc062723c751e8b465ee728b)
Start importing Assets/OctoMan/Prefabs/Walls/L Piece 1.prefab using Guid(4588fa66ebac516478b807c07aba277b) Importer(815301076,1909f56bfc062723c751e8b465ee728b)  -> (artifact id: 'ad3c8ec7c9bad6fc6fe670afb3a5eaca') in 0.030917 seconds 
========================================================================
Received Import Request.
  Time since last request: 0.000073 seconds.
  path: Assets/OctoMan/Prefabs/Characters/Inky.prefab
  artifactKey: Guid(870321c7c5c4b8f4a9958fdf4b651e17) Importer(815301076,1909f56bfc062723c751e8b465ee728b)
Start importing Assets/OctoMan/Prefabs/Characters/Inky.prefab using Guid(870321c7c5c4b8f4a9958fdf4b651e17) Importer(815301076,1909f56bfc062723c751e8b465ee728b)  -> (artifact id: '336336a4a0955fd4a4945fd6e6f6cadf') in 0.014595 seconds 
========================================================================
Received Import Request.
  Time since last request: 0.000081 seconds.
  path: Assets/OctoMan/Prefabs/Walls/Long Piece 4.prefab
  artifactKey: Guid(c7de5e7fa5c5a404485453dd4617b36a) Importer(815301076,1909f56bfc062723c751e8b465ee728b)
Start importing Assets/OctoMan/Prefabs/Walls/Long Piece 4.prefab using Guid(c7de5e7fa5c5a404485453dd4617b36a) Importer(815301076,1909f56bfc062723c751e8b465ee728b)  -> (artifact id: '0934a0bbcccf45a95038535d0650f77f') in 0.013525 seconds 
========================================================================
Received Import Request.
  Time since last request: 0.000080 seconds.
  path: Assets/OctoMan/Prefabs/Lootables/Cherry.prefab
  artifactKey: Guid(cc7b2dfa56a36df418daec836eed7765) Importer(815301076,1909f56bfc062723c751e8b465ee728b)
Start importing Assets/OctoMan/Prefabs/Lootables/Cherry.prefab using Guid(cc7b2dfa56a36df418daec836eed7765) Importer(815301076,1909f56bfc062723c751e8b465ee728b)  -> (artifact id: 'c9939e372194c72250f280d5844bbc56') in 0.011557 seconds 
========================================================================
Received Import Request.
  Time since last request: 0.000072 seconds.
  path: Assets/Pacman Assets/pacmanstuff/Demo scene/demo_scene.obj
  artifactKey: Guid(81f207c10f192c542b6bfecb1d3554ec) Importer(815301076,1909f56bfc062723c751e8b465ee728b)
Start importing Assets/Pacman Assets/pacmanstuff/Demo scene/demo_scene.obj using Guid(81f207c10f192c542b6bfecb1d3554ec) Importer(815301076,1909f56bfc062723c751e8b465ee728b)  -> (artifact id: '03931bcfd76d2f8b8b6154880882aae5') in 0.058055 seconds 
Editor requested this worker to shutdown with reason: Scaling down because of idle timeout
AssetImportWorker is now disconnected from the server
Process exiting
